2026-02-19 08:51:45,968 - INFO - 📊 Iniciando visualización de datos
2026-02-19 08:51:45,969 - INFO - 📄 Registros cargados: 10
2026-02-19 08:51:47,309 - INFO - ✅ Imagen dogs_analysis.png creada correctamente
2026-02-19 09:04:11,048 - INFO - 📊 Iniciando visualización de datos
2026-02-19 09:04:11,050 - INFO - 📄 Registros cargados: 10
2026-02-19 09:04:12,334 - INFO - ✅ Imagen dogs_analysis.png creada correctamente
2026-02-25 17:21:42,904 - INFO - 📊 Iniciando visualización de datos
2026-02-25 17:21:42,907 - INFO - 📄 Registros cargados: 10
2026-02-25 17:21:44,818 - INFO - ✅ Imagen dogs_analysis.png creada correctamente
2026-02-25 18:51:08,002 - INFO - 📊 Iniciando visualización de datos
2026-02-25 18:51:08,005 - INFO - 📄 Registros cargados: 10
2026-02-25 18:51:10,124 - INFO - ✅ Imagen dogs_analysis.png creada correctamente
2026-03-04 06:38:15,363 - INFO - 📥 Extrayendo página 1
2026-03-04 06:38:17,500 - INFO - 📥 Extrayendo página 2
2026-03-04 06:38:19,098 - INFO - 📦 Total razas reales obtenidas: 283
2026-03-04 06:38:19,104 - INFO - 🧹 Razas válidas tras limpieza: 283
2026-03-04 06:38:19,214 - INFO - 📁 Datos guardados en data/dogs_normalized.csv
2026-03-04 06:38:19,226 - INFO - 📁 Datos guardados en data/dogs_normalized.json
2026-03-04 06:38:19,227 - INFO - ✅ Dataset normalizado generado correctamente
2026-03-04 06:56:04,951 - INFO - 📥 Extrayendo página 1
2026-03-04 06:56:07,105 - INFO - 📥 Extrayendo página 2
2026-03-04 06:56:08,323 - INFO - 📦 Total razas reales obtenidas: 283
2026-03-04 06:56:08,332 - INFO - 🧹 Razas válidas tras limpieza: 283
2026-03-04 06:56:08,351 - INFO - 📁 Datos guardados en data/dogs_normalized.csv
2026-03-04 06:56:08,357 - INFO - 📁 Datos guardados en data/dogs_normalized.json
2026-03-04 06:56:08,358 - INFO - ✅ Dataset normalizado generado correctamente
2026-03-04 15:06:20,845 - INFO - 📥 Extrayendo página 1
2026-03-04 15:06:22,388 - INFO - 📥 Extrayendo página 2
2026-03-04 15:06:23,273 - INFO - 📦 Total razas obtenidas: 283
2026-03-04 15:06:23,975 - INFO - ✅ ETL terminado
2026-03-04 15:06:23,975 - INFO - Extraídos: 283
2026-03-04 15:06:23,975 - INFO - Guardados: 283
2026-03-04 15:06:23,975 - INFO - Fallidos: 0
2026-03-04 15:07:08,037 - INFO - 📥 Extrayendo página 1
2026-03-04 15:07:09,597 - INFO - 📥 Extrayendo página 2
2026-03-04 15:07:10,462 - INFO - 📦 Total razas reales obtenidas: 283
2026-03-04 15:07:10,465 - INFO - 🧹 Razas válidas tras limpieza: 283
2026-03-04 15:07:10,477 - INFO - 📁 Datos guardados en data/dogs_normalized.csv
2026-03-04 15:07:10,481 - INFO - 📁 Datos guardados en data/dogs_normalized.json
2026-03-04 15:07:10,482 - INFO - ✅ Dataset normalizado generado correctamente
2026-03-04 15:08:01,907 - INFO - 📥 Extrayendo página 1
2026-03-04 15:08:03,444 - INFO - 📥 Extrayendo página 2
2026-03-04 15:08:04,352 - INFO - 📦 Total razas reales obtenidas: 283
2026-03-04 15:08:04,354 - INFO - 🧹 Razas válidas tras limpieza: 283
2026-03-04 15:08:04,358 - INFO - 📁 Datos guardados en data/dogs_normalized.csv
2026-03-04 15:08:04,359 - INFO - 📁 Datos guardados en data/dogs_normalized.json
2026-03-04 15:08:04,359 - INFO - ✅ Dataset normalizado generado correctamente
2026-03-10 08:55:08,289 - INFO - 📥 Extrayendo página 1
2026-03-10 08:55:10,223 - INFO - 📥 Extrayendo página 2
2026-03-10 08:55:11,021 - INFO - 📦 Total razas obtenidas: 283
2026-03-10 08:55:11,745 - INFO - ✅ ETL terminado
2026-03-10 08:55:11,745 - INFO - Extraídos: 283
2026-03-10 08:55:11,745 - INFO - Guardados: 283
2026-03-10 08:55:11,745 - INFO - Fallidos: 0
2026-03-10 10:12:47,916 - INFO - 📥 Extrayendo página 1
2026-03-10 10:12:50,019 - INFO - 📥 Extrayendo página 2
2026-03-10 10:12:50,846 - INFO - 📦 Total razas obtenidas: 283
2026-03-10 10:12:51,710 - INFO - ✅ ETL terminado
2026-03-10 10:12:51,710 - INFO - Extraídos: 283
2026-03-10 10:12:51,710 - INFO - Guardados: 283
2026-03-10 10:12:51,711 - INFO - Fallidos: 0
2026-03-10 10:12:51,721 - INFO - 📊 Métricas ETL guardadas correctamente
2026-03-10 10:22:32,183 - INFO - 📥 Extrayendo página 1
2026-03-10 10:22:34,382 - INFO - 📥 Extrayendo página 2
2026-03-10 10:22:35,235 - INFO - 📦 Total razas obtenidas: 283
2026-03-10 10:22:35,995 - INFO - ✅ ETL terminado
2026-03-10 10:22:35,995 - INFO - Extraídos: 283
2026-03-10 10:22:35,995 - INFO - Guardados: 283
2026-03-10 10:22:35,995 - INFO - Fallidos: 0
2026-03-10 10:22:36,000 - INFO - 📊 Métricas ETL guardadas correctamente
2026-03-26 07:16:46,600 - INFO - 📥 Extrayendo página 1
2026-03-26 07:16:50,313 - INFO - 📥 Extrayendo página 2
2026-03-26 07:16:51,081 - INFO - 📦 Total razas reales obtenidas: 283
2026-03-26 07:16:51,084 - INFO - 🧹 Razas válidas tras limpieza: 283
2026-03-26 07:16:51,102 - INFO - 📁 Datos guardados en data/dogs_normalized.csv
2026-03-26 07:16:51,106 - INFO - 📁 Datos guardados en data/dogs_normalized.json
2026-03-26 07:16:51,106 - INFO - ✅ Dataset normalizado generado correctamente
2026-03-26 07:17:00,374 - INFO - 📥 Extrayendo página 1
2026-03-26 07:17:05,912 - INFO - 📥 Extrayendo página 2
2026-03-26 07:17:07,559 - INFO - 📦 Total razas obtenidas: 283
2026-03-26 07:17:09,741 - INFO - ✅ ETL terminado
2026-03-26 07:17:09,741 - INFO - Extraídos: 283
2026-03-26 07:17:09,741 - INFO - Guardados: 283
2026-03-26 07:17:09,741 - INFO - Fallidos: 0
2026-03-26 07:17:09,758 - INFO - 📊 Métricas ETL guardadas correctamente
